2018-02-27 14:57:01,452 - main - INFO - starting fuzzer
2018-02-27 14:58:08,550 - main - INFO - starting fuzzer
2018-02-27 14:58:08,550 - main - INFO - fuzzing site: www.google.com
2018-02-27 14:58:08,550 - main - INFO - fuzzing site: www.icanhazip.com
2018-02-27 14:58:28,224 - main - INFO - starting fuzzer
2018-02-27 14:58:28,225 - main - INFO - fuzzing site: www.google.com
2018-02-27 14:58:28,225 - main - INFO - fuzzing site: www.icanhazip.com
2018-02-27 15:03:36,100 - main - INFO - starting fuzzer
2018-02-27 15:03:36,101 - main - INFO - fuzzing site: www.google.com
2018-02-27 15:03:36,101 - main - INFO - fuzzing site: www.icanhazip.com
2018-02-27 15:06:19,751 - main - INFO - starting fuzzer
2018-02-27 15:06:19,751 - main - INFO - fuzzing site: www.google.com
2018-02-27 15:06:19,752 - main - INFO - fuzzing site: www.icanhazip.com
2018-02-27 15:13:55,904 - main - INFO - starting fuzzer
2018-02-27 15:13:55,904 - main - INFO - fuzzing site: www.google.com
2018-02-27 15:14:42,554 - main - INFO - starting fuzzer
2018-02-27 15:14:42,555 - main - INFO - fuzzing site: https://www.google.com
2018-02-27 15:14:42,794 - main - INFO - Match! - https://www.google.com
2018-02-27 15:16:41,445 - main - INFO - starting fuzzer
2018-02-27 15:16:41,446 - main - INFO - fuzzing site: https://www.google.com
2018-02-27 15:16:41,828 - main - INFO - Match! - https://www.google.com
2018-02-27 15:18:06,039 - main - INFO - starting fuzzer
2018-02-27 15:18:06,039 - main - INFO - fuzzing site: https://www.google.com
2018-02-27 15:18:06,223 - main - INFO - Match! - https://www.google.com
2018-02-27 15:18:06,223 - main - INFO - fuzzing site: https://www.icanhazip.com
2018-02-27 15:18:06,445 - main - INFO - Match! - https://www.icanhazip.com
2018-02-27 15:19:10,684 - main - INFO - starting fuzzer
2018-02-27 15:19:10,684 - main - INFO - fuzzing site: https://www.google.com
2018-02-27 15:19:10,862 - main - INFO - Match! - https://www.google.com
2018-02-27 15:19:10,863 - main - INFO - fuzzing site: https://www.icanhazip.com
2018-02-27 15:19:11,061 - main - INFO - Match! - https://www.icanhazip.com
2018-02-27 15:19:36,967 - main - INFO - starting fuzzer
2018-02-27 15:19:36,967 - main - INFO - fuzzing site: https://www.google.com
2018-02-27 15:19:37,177 - main - INFO - Match! - https://www.google.com
2018-02-27 15:19:37,178 - main - INFO - fuzzing site: https://www.icanhazip.com
2018-02-27 15:19:37,320 - main - INFO - Match! - https://www.icanhazip.com
2018-02-27 15:20:41,491 - main - INFO - starting fuzzer
2018-02-27 15:20:41,491 - main - INFO - fuzzing site: https://www.google.com
2018-02-27 15:20:41,661 - main - INFO - Match! - https://www.google.com
2018-02-27 15:20:41,662 - main - INFO - fuzzing site: https://www.icanhazip.com
2018-02-27 15:20:41,795 - main - INFO - Match! - https://www.icanhazip.com
2018-02-27 15:40:10,274 - main - INFO - starting fuzzer
2018-02-27 15:40:10,274 - main - INFO - fuzzing site: https://pypi.python.org/pypi/
2018-02-27 15:40:10,638 - main - INFO - Match! - https://pypi.python.org/pypi/
2018-02-27 15:40:10,999 - main - INFO - Match! - https://pypi.python.org/pypi/
2018-02-27 15:40:11,222 - main - INFO - fuzzing site: https://www.icanhazip.com/
2018-02-27 15:40:11,423 - main - INFO - Match! - https://www.icanhazip.com/
2018-02-27 15:40:11,562 - main - INFO - Match! - https://www.icanhazip.com/
2018-02-27 15:40:11,726 - main - INFO - Match! - https://www.icanhazip.com/
2018-02-27 15:42:04,940 - main - INFO - starting fuzzer
2018-02-27 15:42:04,941 - main - INFO - fuzzing site: https://pypi.python.org/pypi/
2018-02-27 15:42:05,382 - main - INFO - Match! - https://pypi.python.org/pypi/pecan
2018-02-27 15:42:05,879 - main - INFO - Match! - https://pypi.python.org/pypi/setuptools
2018-02-27 15:42:06,145 - main - INFO - fuzzing site: https://www.icanhazip.com/
2018-02-27 15:42:06,289 - main - INFO - Match! - https://www.icanhazip.com/pecan
2018-02-27 15:42:06,431 - main - INFO - Match! - https://www.icanhazip.com/setuptools
2018-02-27 15:42:06,560 - main - INFO - Match! - https://www.icanhazip.com/graphana-api
2018-02-27 15:43:56,401 - main - INFO - starting fuzzer
2018-02-27 15:43:56,402 - main - INFO - fuzzing site: https://pypi.python.org/pypi/
2018-02-27 15:43:56,696 - main - INFO - Match! - https://pypi.python.org/pypi/pecan
2018-02-27 15:43:57,031 - main - INFO - Match! - https://pypi.python.org/pypi/setuptools
2018-02-27 15:43:57,337 - main - ERROR - Not found = https://pypi.python.org/pypi/graphana-api
2018-02-27 15:43:57,337 - main - INFO - fuzzing site: https://www.icanhazip.com/
2018-02-27 15:43:57,497 - main - INFO - Match! - https://www.icanhazip.com/pecan
2018-02-27 15:43:57,643 - main - INFO - Match! - https://www.icanhazip.com/setuptools
2018-02-27 15:43:57,777 - main - INFO - Match! - https://www.icanhazip.com/graphana-api
2018-02-27 15:44:35,695 - main - INFO - starting fuzzer
2018-02-27 15:44:35,696 - main - INFO - fuzzing site: https://pypi.python.org/pypi/
2018-02-27 15:44:35,907 - main - INFO - Match! - https://pypi.python.org/pypi/pecan
2018-02-27 15:44:36,147 - main - INFO - Match! - https://pypi.python.org/pypi/setuptools
2018-02-27 15:44:36,309 - main - INFO - fuzzing site: https://www.icanhazip.com/
2018-02-27 15:44:36,505 - main - INFO - Match! - https://www.icanhazip.com/pecan
2018-02-27 15:44:36,671 - main - INFO - Match! - https://www.icanhazip.com/setuptools
2018-02-27 15:44:36,836 - main - INFO - Match! - https://www.icanhazip.com/graphana-api
2018-02-27 15:45:25,503 - main - INFO - starting fuzzer
2018-02-27 15:45:25,503 - main - INFO - fuzzing site: https://pypi.python.org/pypi/
2018-02-27 15:45:25,788 - main - INFO - Match! - https://pypi.python.org/pypi/pecan
2018-02-27 15:45:26,104 - main - INFO - Match! - https://pypi.python.org/pypi/setuptools
2018-02-27 15:45:26,322 - main - DEBUG - Not found = https://pypi.python.org/pypi/graphana-api
2018-02-27 15:45:26,322 - main - INFO - fuzzing site: https://www.icanhazip.com/
2018-02-27 15:45:26,501 - main - INFO - Match! - https://www.icanhazip.com/pecan
2018-02-27 15:45:26,644 - main - INFO - Match! - https://www.icanhazip.com/setuptools
2018-02-27 15:45:26,794 - main - INFO - Match! - https://www.icanhazip.com/graphana-api
